2008.06.18 14:55 B C:\Program Files\Macromedia\Dreamweaver 4\sites\wigan heritage\Encompass\minutes\12 June 2007.htm --> station186.com /www/www/Encompass/minutes 12 June 2007.htm
2008.06.18 14:55 B C:\Program Files\Macromedia\Dreamweaver 4\sites\wigan heritage\Encompass\minutes\20th July 2007.htm --> station186.com /www/www/Encompass/minutes 20th July 2007.htm
2008.06.18 14:55 B C:\Program Files\Macromedia\Dreamweaver 4\sites\wigan heritage\Encompass\minutes\21st September 2006.htm --> station186.com /www/www/Encompass/minutes 21st September 2006.htm
2008.06.18 14:55 B C:\Program Files\Macromedia\Dreamweaver 4\sites\wigan heritage\Encompass\minutes\24th April 2007.htm --> station186.com /www/www/Encompass/minutes 24th April 2007.htm
2008.06.18 14:55 B C:\Program Files\Macromedia\Dreamweaver 4\sites\wigan heritage\Encompass\minutes\24th January 2007.htm --> station186.com /www/www/Encompass/minutes 24th January 2007.htm
2008.06.18 14:55 B C:\Program Files\Macromedia\Dreamweaver 4\sites\wigan heritage\Encompass\minutes\3 September 2007.htm --> station186.com /www/www/Encompass/minutes 3 September 2007.htm
2008.06.18 15:09 B C:\Program Files\Macromedia\Dreamweaver 4\sites\wigan heritage\Encompass\minutes\10 September 2007.htm --> station186.com /www/www/Encompass/minutes 10 September 2007.htm
2008.06.18 15:09 B C:\Program Files\Macromedia\Dreamweaver 4\sites\wigan heritage\Encompass\minutes\8 October 2007.htm --> station186.com /www/www/Encompass/minutes 8 October 2007.htm
2008.07.18 11:19 B C:\Program Files\Macromedia\Dreamweaver 4\sites\wigan heritage\Encompass\minutes\10th December 2007.htm --> station186.com /www/www/Encompass/minutes 10th December 2007.htm
2008.07.18 11:19 B C:\Program Files\Macromedia\Dreamweaver 4\sites\wigan heritage\Encompass\minutes\16th June 2008.htm --> station186.com /www/www/Encompass/minutes 16th June 2008.htm
2008.07.18 11:19 B C:\Program Files\Macromedia\Dreamweaver 4\sites\wigan heritage\Encompass\minutes\5 November 2007.htm --> station186.com /www/www/Encompass/minutes 5 November 2007.htm
2008.07.18 11:19 B C:\Program Files\Macromedia\Dreamweaver 4\sites\wigan heritage\Encompass\minutes\7 APRIL 2008.htm --> station186.com /www/www/Encompass/minutes 7 APRIL 2008.htm
2008.07.18 11:19 B C:\Program Files\Macromedia\Dreamweaver 4\sites\wigan heritage\Encompass\minutes\7th July 2008.htm --> station186.com /www/www/Encompass/minutes 7th July 2008.htm
2008.07.18 11:19 B C:\Program Files\Macromedia\Dreamweaver 4\sites\wigan heritage\Encompass\minutes\8th May 2008.htm --> station186.com /www/www/Encompass/minutes 8th May 2008.htm
2008.07.19 12:39 B C:\Program Files\Macromedia\Dreamweaver 4\sites\wigan heritage\Encompass\minutes\14th January 2008 .htm --> station186.com /www/www/Encompass/minutes 14th January 2008 .htm
2008.07.19 12:39 B C:\Program Files\Macromedia\Dreamweaver 4\sites\wigan heritage\Encompass\minutes\20 February 2008 .htm --> station186.com /www/www/Encompass/minutes 20 February 2008 .htm
2008.07.19 12:55 B C:\Program Files\Macromedia\Dreamweaver 4\sites\wigan heritage\Encompass\minutes\10 September 2007.htm --> station186.com /www/www/Encompass/minutes 10 September 2007.htm
2008.07.28 17:30 B C:\Program Files\Macromedia\Dreamweaver 4\sites\wigan heritage\Encompass\minutes\12th January 2005.htm --> ftp.wiganheritage.com /public_html/Encompass/minutes 12th January 2005.htm
2008.07.28 17:30 B C:\Program Files\Macromedia\Dreamweaver 4\sites\wigan heritage\Encompass\minutes\20th June 2005.htm --> ftp.wiganheritage.com /public_html/Encompass/minutes 20th June 2005.htm
2008.07.28 17:30 B C:\Program Files\Macromedia\Dreamweaver 4\sites\wigan heritage\Encompass\minutes\21 February 2005.htm --> ftp.wiganheritage.com /public_html/Encompass/minutes 21 February 2005.htm
2008.07.28 17:30 B C:\Program Files\Macromedia\Dreamweaver 4\sites\wigan heritage\Encompass\minutes\22 May.2006.htm --> ftp.wiganheritage.com /public_html/Encompass/minutes 22 May.2006.htm
2008.07.28 17:30 B C:\Program Files\Macromedia\Dreamweaver 4\sites\wigan heritage\Encompass\minutes\22nd August 2005.htm --> ftp.wiganheritage.com /public_html/Encompass/minutes 22nd August 2005.htm
2008.07.28 17:30 B C:\Program Files\Macromedia\Dreamweaver 4\sites\wigan heritage\Encompass\minutes\28 November 2005.htm --> ftp.wiganheritage.com /public_html/Encompass/minutes 28 November 2005.htm
2008.07.28 17:30 B C:\Program Files\Macromedia\Dreamweaver 4\sites\wigan heritage\Encompass\minutes\3rd October 2005.htm --> ftp.wiganheritage.com /public_html/Encompass/minutes 3rd October 2005.htm
2008.07.28 17:30 B C:\Program Files\Macromedia\Dreamweaver 4\sites\wigan heritage\Encompass\minutes\4 April 2005.htm --> ftp.wiganheritage.com /public_html/Encompass/minutes 4 April 2005.htm
2008.07.28 17:30 B C:\Program Files\Macromedia\Dreamweaver 4\sites\wigan heritage\Encompass\minutes\8th December 2004.htm --> ftp.wiganheritage.com /public_html/Encompass/minutes 8th December 2004.htm
2008.08.04 08:08 B C:\Program Files\Macromedia\Dreamweaver 4\sites\wigan heritage\Encompass\minutes\7th July 2008.htm --> ftp.wiganheritage.com /public_html/Encompass/minutes 7th July 2008.htm
2008.08.04 08:13 B C:\Program Files\Macromedia\Dreamweaver 4\sites\wigan heritage\Encompass\minutes\7th July 2008.htm --> ftp.wiganheritage.com /public_html/Encompass/minutes 7th July 2008.htm
2008.08.28 15:24 B C:\Program Files\Macromedia\Dreamweaver 4\sites\wigan heritage\Encompass\minutes\18th August 2008.htm --> ftp.wiganheritage.com /public_html/Encompass/minutes 18th August 2008.htm
2008.11.15 13:31 B C:\Program Files\Macromedia\Dreamweaver 4\sites\wigan heritage\Encompass\minutes\9th October 2008.htm --> ftp.wiganheritage.com /public_html/Encompass/minutes 9th October 2008.htm
2008.12.18 17:53 B C:\Program Files\Macromedia\Dreamweaver 4\sites\wigan heritage\Encompass\minutes\10 September 2007.htm --> ftp.wiganheritage.co.uk /public_html/Encompass/minutes 10 September 2007.htm
2008.12.18 17:53 B C:\Program Files\Macromedia\Dreamweaver 4\sites\wigan heritage\Encompass\minutes\10th December 2007.htm --> ftp.wiganheritage.co.uk /public_html/Encompass/minutes 10th December 2007.htm
2008.12.18 17:53 B C:\Program Files\Macromedia\Dreamweaver 4\sites\wigan heritage\Encompass\minutes\12 June 2007.htm --> ftp.wiganheritage.co.uk /public_html/Encompass/minutes 12 June 2007.htm
2008.12.18 17:53 B C:\Program Files\Macromedia\Dreamweaver 4\sites\wigan heritage\Encompass\minutes\12th January 2005.htm --> ftp.wiganheritage.co.uk /public_html/Encompass/minutes 12th January 2005.htm
2008.12.18 17:53 B C:\Program Files\Macromedia\Dreamweaver 4\sites\wigan heritage\Encompass\minutes\14th January 2008 .htm --> ftp.wiganheritage.co.uk /public_html/Encompass/minutes 14th January 2008 .htm
2008.12.18 17:53 B C:\Program Files\Macromedia\Dreamweaver 4\sites\wigan heritage\Encompass\minutes\16th June 2008.htm --> ftp.wiganheritage.co.uk /public_html/Encompass/minutes 16th June 2008.htm
2008.12.18 17:53 B C:\Program Files\Macromedia\Dreamweaver 4\sites\wigan heritage\Encompass\minutes\18th August 2008.htm --> ftp.wiganheritage.co.uk /public_html/Encompass/minutes 18th August 2008.htm
2008.12.18 17:53 B C:\Program Files\Macromedia\Dreamweaver 4\sites\wigan heritage\Encompass\minutes\20th July 2007.htm --> ftp.wiganheritage.co.uk /public_html/Encompass/minutes 20th July 2007.htm
2008.12.18 17:53 B C:\Program Files\Macromedia\Dreamweaver 4\sites\wigan heritage\Encompass\minutes\20th June 2005.htm --> ftp.wiganheritage.co.uk /public_html/Encompass/minutes 20th June 2005.htm
2008.12.18 17:53 B C:\Program Files\Macromedia\Dreamweaver 4\sites\wigan heritage\Encompass\minutes\21 February 2005.htm --> ftp.wiganheritage.co.uk /public_html/Encompass/minutes 21 February 2005.htm
2008.12.18 17:53 B C:\Program Files\Macromedia\Dreamweaver 4\sites\wigan heritage\Encompass\minutes\21st September 2006.htm --> ftp.wiganheritage.co.uk /public_html/Encompass/minutes 21st September 2006.htm
2008.12.18 17:53 B C:\Program Files\Macromedia\Dreamweaver 4\sites\wigan heritage\Encompass\minutes\22 May.2006.htm --> ftp.wiganheritage.co.uk /public_html/Encompass/minutes 22 May.2006.htm
2008.12.18 17:53 B C:\Program Files\Macromedia\Dreamweaver 4\sites\wigan heritage\Encompass\minutes\22nd August 2005.htm --> ftp.wiganheritage.co.uk /public_html/Encompass/minutes 22nd August 2005.htm
2008.12.18 17:53 B C:\Program Files\Macromedia\Dreamweaver 4\sites\wigan heritage\Encompass\minutes\24th April 2007.htm --> ftp.wiganheritage.co.uk /public_html/Encompass/minutes 24th April 2007.htm
2008.12.18 17:53 B C:\Program Files\Macromedia\Dreamweaver 4\sites\wigan heritage\Encompass\minutes\24th January 2007.htm --> ftp.wiganheritage.co.uk /public_html/Encompass/minutes 24th January 2007.htm
2008.12.18 17:53 B C:\Program Files\Macromedia\Dreamweaver 4\sites\wigan heritage\Encompass\minutes\25 February 2008 .htm --> ftp.wiganheritage.co.uk /public_html/Encompass/minutes 25 February 2008 .htm
2008.12.18 17:53 B C:\Program Files\Macromedia\Dreamweaver 4\sites\wigan heritage\Encompass\minutes\28 November 2005.htm --> ftp.wiganheritage.co.uk /public_html/Encompass/minutes 28 November 2005.htm
2008.12.18 17:53 B C:\Program Files\Macromedia\Dreamweaver 4\sites\wigan heritage\Encompass\minutes\3 September 2007.htm --> ftp.wiganheritage.co.uk /public_html/Encompass/minutes 3 September 2007.htm
2008.12.18 17:53 B C:\Program Files\Macromedia\Dreamweaver 4\sites\wigan heritage\Encompass\minutes\3rd October 2005.htm --> ftp.wiganheritage.co.uk /public_html/Encompass/minutes 3rd October 2005.htm
2008.12.18 17:53 B C:\Program Files\Macromedia\Dreamweaver 4\sites\wigan heritage\Encompass\minutes\4 April 2005.htm --> ftp.wiganheritage.co.uk /public_html/Encompass/minutes 4 April 2005.htm
2008.12.18 17:53 B C:\Program Files\Macromedia\Dreamweaver 4\sites\wigan heritage\Encompass\minutes\5 November 2007.htm --> ftp.wiganheritage.co.uk /public_html/Encompass/minutes 5 November 2007.htm
2008.12.18 17:53 B C:\Program Files\Macromedia\Dreamweaver 4\sites\wigan heritage\Encompass\minutes\7 APRIL 2008.htm --> ftp.wiganheritage.co.uk /public_html/Encompass/minutes 7 APRIL 2008.htm
2008.12.18 17:53 B C:\Program Files\Macromedia\Dreamweaver 4\sites\wigan heritage\Encompass\minutes\7th July 2008.htm --> ftp.wiganheritage.co.uk /public_html/Encompass/minutes 7th July 2008.htm
2008.12.18 17:53 B C:\Program Files\Macromedia\Dreamweaver 4\sites\wigan heritage\Encompass\minutes\8 October 2007.htm --> ftp.wiganheritage.co.uk /public_html/Encompass/minutes 8 October 2007.htm
2008.12.18 17:53 B C:\Program Files\Macromedia\Dreamweaver 4\sites\wigan heritage\Encompass\minutes\8th December 2004.htm --> ftp.wiganheritage.co.uk /public_html/Encompass/minutes 8th December 2004.htm
2008.12.18 17:53 B C:\Program Files\Macromedia\Dreamweaver 4\sites\wigan heritage\Encompass\minutes\8th May 2008.htm --> ftp.wiganheritage.co.uk /public_html/Encompass/minutes 8th May 2008.htm
2008.12.18 17:53 B C:\Program Files\Macromedia\Dreamweaver 4\sites\wigan heritage\Encompass\minutes\9th October 2008.htm --> ftp.wiganheritage.co.uk /public_html/Encompass/minutes 9th October 2008.htm
